# JRE version: OpenJDK Runtime Environment (8.0_242) (build 1.8.0_242-release-1644-b3-6222593)
# Java VM: OpenJDK 64-Bit Server VM (25.242-b3-6222593 mixed mode linux-amd64 compressed oops)
Heap:
 PSYoungGen      total 583168K, used 532406K [0x00000000d5580000, 0x0000000100000000, 0x0000000100000000)
  eden space 467456K, 100% used [0x00000000d5580000,0x00000000f1e00000,0x00000000f1e00000)
  from space 115712K, 56% used [0x00000000f1e00000,0x00000000f5d6d998,0x00000000f8f00000)
  to   space 115712K, 99% used [0x00000000f8f00000,0x00000000ffffeec8,0x0000000100000000)
 ParOldGen       total 318976K, used 162348K [0x0000000080000000, 0x0000000093780000, 0x00000000d5580000)
  object space 318976K, 50% used [0x0000000080000000,0x0000000089e8b090,0x0000000093780000)
 Metaspace       used 103860K, capacity 109765K, committed 110104K, reserved 1144832K
  class space    used 13613K, capacity 14779K, committed 14896K, reserved 1048576K
GC Heap History (10 events):
Event: 85,835 GC heap after
Heap after GC invocations=17 (full 4):
 PSYoungGen      total 415232K, used 58879K [0x00000000d5580000, 0x00000000fad80000, 0x0000000100000000)
  eden space 356352K, 0% used [0x00000000d5580000,0x00000000d5580000,0x00000000eb180000)
  from space 58880K, 99% used [0x00000000eb180000,0x00000000eeaffc58,0x00000000eeb00000)
  to   space 78848K, 0% used [0x00000000f6080000,0x00000000f6080000,0x00000000fad80000)
 ParOldGen       total 318976K, used 114538K [0x0000000080000000, 0x0000000093780000, 0x00000000d5580000)
  object space 318976K, 35% used [0x0000000080000000,0x0000000086fdaba8,0x0000000093780000)
 Metaspace       used 100242K, capacity 105367K, committed 105624K, reserved 1140736K
  class space    used 13366K, capacity 14448K, committed 14512K, reserved 1048576K
}
Event: 205,079 GC heap before
{Heap before GC invocations=18 (full 4):
 PSYoungGen      total 415232K, used 415231K [0x00000000d5580000, 0x00000000fad80000, 0x0000000100000000)
  eden space 356352K, 100% used [0x00000000d5580000,0x00000000eb180000,0x00000000eb180000)
  from space 58880K, 99% used [0x00000000eb180000,0x00000000eeaffc58,0x00000000eeb00000)
  to   space 78848K, 0% used [0x00000000f6080000,0x00000000f6080000,0x00000000fad80000)
 ParOldGen       total 318976K, used 114538K [0x0000000080000000, 0x0000000093780000, 0x00000000d5580000)
  object space 318976K, 35% used [0x0000000080000000,0x0000000086fdaba8,0x0000000093780000)
 Metaspace       used 101866K, capacity 107203K, committed 107288K, reserved 1142784K
  class space    used 13517K, capacity 14612K, committed 14640K, reserved 1048576K
Event: 205,229 GC heap after
Heap after GC invocations=18 (full 4):
 PSYoungGen      total 520192K, used 60204K [0x00000000d5580000, 0x00000000fac00000, 0x0000000100000000)
  eden space 442880K, 0% used [0x00000000d5580000,0x00000000d5580000,0x00000000f0600000)
  from space 77312K, 77% used [0x00000000f6080000,0x00000000f9b4b020,0x00000000fac00000)
  to   space 84992K, 0% used [0x00000000f0600000,0x00000000f0600000,0x00000000f5900000)
 ParOldGen       total 318976K, used 114546K [0x0000000080000000, 0x0000000093780000, 0x00000000d5580000)
  object space 318976K, 35% used [0x0000000080000000,0x0000000086fdcba8,0x0000000093780000)
 Metaspace       used 101866K, capacity 107203K, committed 107288K, reserved 1142784K
  class space    used 13517K, capacity 14612K, committed 14640K, reserved 1048576K
}
Event: 212,575 GC heap before
{Heap before GC invocations=19 (full 4):
 PSYoungGen      total 520192K, used 502960K [0x00000000d5580000, 0x00000000fac00000, 0x0000000100000000)
  eden space 442880K, 99% used [0x00000000d5580000,0x00000000f05e1380,0x00000000f0600000)
  from space 77312K, 77% used [0x00000000f6080000,0x00000000f9b4b020,0x00000000fac00000)
  to   space 84992K, 0% used [0x00000000f0600000,0x00000000f0600000,0x00000000f5900000)
 ParOldGen       total 318976K, used 114546K [0x0000000080000000, 0x0000000093780000, 0x00000000d5580000)
  object space 318976K, 35% used [0x0000000080000000,0x0000000086fdcba8,0x0000000093780000)
 Metaspace       used 102210K, capacity 107535K, committed 107800K, reserved 1142784K
  class space    used 13524K, capacity 14620K, committed 14640K, reserved 1048576K
Event: 212,787 GC heap after
Heap after GC invocations=19 (full 4):
 PSYoungGen      total 527872K, used 84965K [0x00000000d5580000, 0x0000000100000000, 0x0000000100000000)
  eden space 442880K, 0% used [0x00000000d5580000,0x00000000d5580000,0x00000000f0600000)
  from space 84992K, 99% used [0x00000000f0600000,0x00000000f58f9508,0x00000000f5900000)
  to   space 114688K, 0% used [0x00000000f9000000,0x00000000f9000000,0x0000000100000000)
 ParOldGen       total 318976K, used 157264K [0x0000000080000000, 0x0000000093780000, 0x00000000d5580000)
  object space 318976K, 49% used [0x0000000080000000,0x0000000089994078,0x0000000093780000)
 Metaspace       used 102210K, capacity 107535K, committed 107800K, reserved 1142784K
  class space    used 13524K, capacity 14620K, committed 14640K, reserved 1048576K
}
Event: 292,580 GC heap before
{Heap before GC invocations=20 (full 4):
 PSYoungGen      total 527872K, used 527845K [0x00000000d5580000, 0x0000000100000000, 0x0000000100000000)
  eden space 442880K, 100% used [0x00000000d5580000,0x00000000f0600000,0x00000000f0600000)
  from space 84992K, 99% used [0x00000000f0600000,0x00000000f58f9508,0x00000000f5900000)
  to   space 114688K, 0% used [0x00000000f9000000,0x00000000f9000000,0x0000000100000000)
 ParOldGen       total 318976K, used 157264K [0x0000000080000000, 0x0000000093780000, 0x00000000d5580000)
  object space 318976K, 49% used [0x0000000080000000,0x0000000089994078,0x0000000093780000)
 Metaspace       used 102710K, capacity 108247K, committed 108440K, reserved 1142784K
  class space    used 13553K, capacity 14672K, committed 14768K, reserved 1048576K
Event: 292,830 GC heap after
Heap after GC invocations=20 (full 4):
 PSYoungGen      total 582144K, used 65478K [0x00000000d5580000, 0x0000000100000000, 0x0000000100000000)
  eden space 467456K, 0% used [0x00000000d5580000,0x00000000d5580000,0x00000000f1e00000)
  from space 114688K, 57% used [0x00000000f9000000,0x00000000fcff1bc0,0x0000000100000000)
  to   space 115712K, 0% used [0x00000000f1e00000,0x00000000f1e00000,0x00000000f8f00000)
 ParOldGen       total 318976K, used 157264K [0x0000000080000000, 0x0000000093780000, 0x00000000d5580000)
  object space 318976K, 49% used [0x0000000080000000,0x0000000089994078,0x0000000093780000)
 Metaspace       used 102710K, capacity 108247K, committed 108440K, reserved 1142784K
  class space    used 13553K, capacity 14672K, committed 14768K, reserved 1048576K
}
Event: 855,370 GC heap before
{Heap before GC invocations=21 (full 4):
 PSYoungGen      total 582144K, used 532934K [0x00000000d5580000, 0x0000000100000000, 0x0000000100000000)
  eden space 467456K, 100% used [0x00000000d5580000,0x00000000f1e00000,0x00000000f1e00000)
  from space 114688K, 57% used [0x00000000f9000000,0x00000000fcff1bc0,0x0000000100000000)
  to   space 115712K, 0% used [0x00000000f1e00000,0x00000000f1e00000,0x00000000f8f00000)
 ParOldGen       total 318976K, used 157264K [0x0000000080000000, 0x0000000093780000, 0x00000000d5580000)
  object space 318976K, 49% used [0x0000000080000000,0x0000000089994078,0x0000000093780000)
 Metaspace       used 103445K, capacity 109289K, committed 109464K, reserved 1144832K
  class space    used 13600K, capacity 14757K, committed 14768K, reserved 1048576K
Event: 855,506 GC heap after
Heap after GC invocations=21 (full 4):
 PSYoungGen      total 583168K, used 64950K [0x00000000d5580000, 0x0000000100000000, 0x0000000100000000)
  eden space 467456K, 0% used [0x00000000d5580000,0x00000000d5580000,0x00000000f1e00000)
  from space 115712K, 56% used [0x00000000f1e00000,0x00000000f5d6d998,0x00000000f8f00000)
  to   space 115712K, 0% used [0x00000000f8f00000,0x00000000f8f00000,0x0000000100000000)
 ParOldGen       total 318976K, used 157272K [0x0000000080000000, 0x0000000093780000, 0x00000000d5580000)
  object space 318976K, 49% used [0x0000000080000000,0x0000000089996078,0x0000000093780000)
 Metaspace       used 103445K, capacity 109289K, committed 109464K, reserved 1144832K
  class space    used 13600K, capacity 14757K, committed 14768K, reserved 1048576K
}
Event: 860,755 GC heap before
{Heap before GC invocations=22 (full 4):
 PSYoungGen      total 583168K, used 532406K [0x00000000d5580000, 0x0000000100000000, 0x0000000100000000)
  eden space 467456K, 100% used [0x00000000d5580000,0x00000000f1e00000,0x00000000f1e00000)
  from space 115712K, 56% used [0x00000000f1e00000,0x00000000f5d6d998,0x00000000f8f00000)
  to   space 115712K, 0% used [0x00000000f8f00000,0x00000000f8f00000,0x0000000100000000)
 ParOldGen       total 318976K, used 157272K [0x0000000080000000, 0x0000000093780000, 0x00000000d5580000)
  object space 318976K, 49% used [0x0000000080000000,0x0000000089996078,0x0000000093780000)
 Metaspace       used 103860K, capacity 109765K, committed 110104K, reserved 1144832K
  class space    used 13613K, capacity 14779K, committed 14896K, reserved 1048576K

