# JRE version: OpenJDK Runtime Environment (8.0_242) (build 1.8.0_242-release-1644-b3-6222593)
# Java VM: OpenJDK 64-Bit Server VM (25.242-b3-6222593 mixed mode linux-amd64 compressed oops)
Heap:
 PSYoungGen      total 303104K, used 16680K [0x00000000d5580000, 0x00000000ea780000, 0x0000000100000000)
  eden space 277504K, 0% used [0x00000000d5580000,0x00000000d5580000,0x00000000e6480000)
  from space 25600K, 65% used [0x00000000e8e80000,0x00000000e9eca350,0x00000000ea780000)
  to   space 34304K, 0% used [0x00000000e6480000,0x00000000e6480000,0x00000000e8600000)
 ParOldGen       total 205824K, used 73202K [0x0000000080000000, 0x000000008c900000, 0x00000000d5580000)
  object space 205824K, 35% used [0x0000000080000000,0x000000008477cb90,0x000000008c900000)
 Metaspace       used 93608K, capacity 98470K, committed 98496K, reserved 1134592K
  class space    used 12285K, capacity 13289K, committed 13312K, reserved 1048576K
GC Heap History (10 events):
Event: 14,596 GC heap after
Heap after GC invocations=13 (full 3):
 PSYoungGen      total 241664K, used 19489K [0x00000000d5580000, 0x00000000e5b80000, 0x0000000100000000)
  eden space 220160K, 0% used [0x00000000d5580000,0x00000000d5580000,0x00000000e2c80000)
  from space 21504K, 90% used [0x00000000e4680000,0x00000000e5988408,0x00000000e5b80000)
  to   space 24064K, 0% used [0x00000000e2c80000,0x00000000e2c80000,0x00000000e4400000)
 ParOldGen       total 205824K, used 31630K [0x0000000080000000, 0x000000008c900000, 0x00000000d5580000)
  object space 205824K, 15% used [0x0000000080000000,0x0000000081ee3ac8,0x000000008c900000)
 Metaspace       used 68352K, capacity 71156K, committed 71512K, reserved 1112064K
  class space    used 9192K, capacity 9745K, committed 9856K, reserved 1048576K
}
Event: 18,007 GC heap before
{Heap before GC invocations=14 (full 3):
 PSYoungGen      total 241664K, used 239649K [0x00000000d5580000, 0x00000000e5b80000, 0x0000000100000000)
  eden space 220160K, 100% used [0x00000000d5580000,0x00000000e2c80000,0x00000000e2c80000)
  from space 21504K, 90% used [0x00000000e4680000,0x00000000e5988408,0x00000000e5b80000)
  to   space 24064K, 0% used [0x00000000e2c80000,0x00000000e2c80000,0x00000000e4400000)
 ParOldGen       total 205824K, used 31630K [0x0000000080000000, 0x000000008c900000, 0x00000000d5580000)
  object space 205824K, 15% used [0x0000000080000000,0x0000000081ee3ac8,0x000000008c900000)
 Metaspace       used 77906K, capacity 81376K, committed 81624K, reserved 1120256K
  class space    used 10567K, capacity 11227K, committed 11264K, reserved 1048576K
Event: 18,045 GC heap after
Heap after GC invocations=14 (full 3):
 PSYoungGen      total 244224K, used 24043K [0x00000000d5580000, 0x00000000e8980000, 0x0000000100000000)
  eden space 220160K, 0% used [0x00000000d5580000,0x00000000d5580000,0x00000000e2c80000)
  from space 24064K, 99% used [0x00000000e2c80000,0x00000000e43fae60,0x00000000e4400000)
  to   space 28672K, 0% used [0x00000000e6d80000,0x00000000e6d80000,0x00000000e8980000)
 ParOldGen       total 205824K, used 35199K [0x0000000080000000, 0x000000008c900000, 0x00000000d5580000)
  object space 205824K, 17% used [0x0000000080000000,0x000000008225ffe0,0x000000008c900000)
 Metaspace       used 77906K, capacity 81376K, committed 81624K, reserved 1120256K
  class space    used 10567K, capacity 11227K, committed 11264K, reserved 1048576K
}
Event: 21,292 GC heap before
{Heap before GC invocations=15 (full 3):
 PSYoungGen      total 244224K, used 244203K [0x00000000d5580000, 0x00000000e8980000, 0x0000000100000000)
  eden space 220160K, 100% used [0x00000000d5580000,0x00000000e2c80000,0x00000000e2c80000)
  from space 24064K, 99% used [0x00000000e2c80000,0x00000000e43fae60,0x00000000e4400000)
  to   space 28672K, 0% used [0x00000000e6d80000,0x00000000e6d80000,0x00000000e8980000)
 ParOldGen       total 205824K, used 35199K [0x0000000080000000, 0x000000008c900000, 0x00000000d5580000)
  object space 205824K, 17% used [0x0000000080000000,0x000000008225ffe0,0x000000008c900000)
 Metaspace       used 87309K, capacity 91512K, committed 91736K, reserved 1128448K
  class space    used 11795K, capacity 12653K, committed 12672K, reserved 1048576K
Event: 21,354 GC heap after
Heap after GC invocations=15 (full 3):
 PSYoungGen      total 277504K, used 28642K [0x00000000d5580000, 0x00000000e9c80000, 0x0000000100000000)
  eden space 248832K, 0% used [0x00000000d5580000,0x00000000d5580000,0x00000000e4880000)
  from space 28672K, 99% used [0x00000000e6d80000,0x00000000e8978a20,0x00000000e8980000)
  to   space 37888K, 0% used [0x00000000e4880000,0x00000000e4880000,0x00000000e6d80000)
 ParOldGen       total 205824K, used 49228K [0x0000000080000000, 0x000000008c900000, 0x00000000d5580000)
  object space 205824K, 23% used [0x0000000080000000,0x0000000083013018,0x000000008c900000)
 Metaspace       used 87309K, capacity 91512K, committed 91736K, reserved 1128448K
  class space    used 11795K, capacity 12653K, committed 12672K, reserved 1048576K
}
Event: 2159,057 GC heap before
{Heap before GC invocations=16 (full 3):
 PSYoungGen      total 277504K, used 277474K [0x00000000d5580000, 0x00000000e9c80000, 0x0000000100000000)
  eden space 248832K, 100% used [0x00000000d5580000,0x00000000e4880000,0x00000000e4880000)
  from space 28672K, 99% used [0x00000000e6d80000,0x00000000e8978a20,0x00000000e8980000)
  to   space 37888K, 0% used [0x00000000e4880000,0x00000000e4880000,0x00000000e6d80000)
 ParOldGen       total 205824K, used 49228K [0x0000000080000000, 0x000000008c900000, 0x00000000d5580000)
  object space 205824K, 23% used [0x0000000080000000,0x0000000083013018,0x000000008c900000)
 Metaspace       used 92190K, capacity 96908K, committed 97112K, reserved 1132544K
  class space    used 12120K, capacity 13118K, committed 13184K, reserved 1048576K
Event: 2159,201 GC heap after
Heap after GC invocations=16 (full 3):
 PSYoungGen      total 286720K, used 14590K [0x00000000d5580000, 0x00000000eb180000, 0x0000000100000000)
  eden space 248832K, 0% used [0x00000000d5580000,0x00000000d5580000,0x00000000e4880000)
  from space 37888K, 38% used [0x00000000e4880000,0x00000000e56bfab0,0x00000000e6d80000)
  to   space 35840K, 0% used [0x00000000e8e80000,0x00000000e8e80000,0x00000000eb180000)
 ParOldGen       total 205824K, used 73194K [0x0000000080000000, 0x000000008c900000, 0x00000000d5580000)
  object space 205824K, 35% used [0x0000000080000000,0x000000008477ab90,0x000000008c900000)
 Metaspace       used 92190K, capacity 96908K, committed 97112K, reserved 1132544K
  class space    used 12120K, capacity 13118K, committed 13184K, reserved 1048576K
}
Event: 2588,025 GC heap before
{Heap before GC invocations=17 (full 3):
 PSYoungGen      total 286720K, used 170859K [0x00000000d5580000, 0x00000000eb180000, 0x0000000100000000)
  eden space 248832K, 62% used [0x00000000d5580000,0x00000000dee1b3d0,0x00000000e4880000)
  from space 37888K, 38% used [0x00000000e4880000,0x00000000e56bfab0,0x00000000e6d80000)
  to   space 35840K, 0% used [0x00000000e8e80000,0x00000000e8e80000,0x00000000eb180000)
 ParOldGen       total 205824K, used 73194K [0x0000000080000000, 0x000000008c900000, 0x00000000d5580000)
  object space 205824K, 35% used [0x0000000080000000,0x000000008477ab90,0x000000008c900000)
 Metaspace       used 93608K, capacity 98470K, committed 98496K, reserved 1134592K
  class space    used 12285K, capacity 13289K, committed 13312K, reserved 1048576K
Event: 2588,081 GC heap after
Heap after GC invocations=17 (full 3):
 PSYoungGen      total 303104K, used 16680K [0x00000000d5580000, 0x00000000ea780000, 0x0000000100000000)
  eden space 277504K, 0% used [0x00000000d5580000,0x00000000d5580000,0x00000000e6480000)
  from space 25600K, 65% used [0x00000000e8e80000,0x00000000e9eca350,0x00000000ea780000)
  to   space 34304K, 0% used [0x00000000e6480000,0x00000000e6480000,0x00000000e8600000)
 ParOldGen       total 205824K, used 73202K [0x0000000080000000, 0x000000008c900000, 0x00000000d5580000)
  object space 205824K, 35% used [0x0000000080000000,0x000000008477cb90,0x000000008c900000)
 Metaspace       used 93608K, capacity 98470K, committed 98496K, reserved 1134592K
  class space    used 12285K, capacity 13289K, committed 13312K, reserved 1048576K
}
Event: 2588,081 GC heap before
{Heap before GC invocations=18 (full 4):
 PSYoungGen      total 303104K, used 16680K [0x00000000d5580000, 0x00000000ea780000, 0x0000000100000000)
  eden space 277504K, 0% used [0x00000000d5580000,0x00000000d5580000,0x00000000e6480000)
  from space 25600K, 65% used [0x00000000e8e80000,0x00000000e9eca350,0x00000000ea780000)
  to   space 34304K, 0% used [0x00000000e6480000,0x00000000e6480000,0x00000000e8600000)
 ParOldGen       total 205824K, used 73202K [0x0000000080000000, 0x000000008c900000, 0x00000000d5580000)
  object space 205824K, 35% used [0x0000000080000000,0x000000008477cb90,0x000000008c900000)
 Metaspace       used 93608K, capacity 98470K, committed 98496K, reserved 1134592K
  class space    used 12285K, capacity 13289K, committed 13312K, reserved 1048576K

